# JRE version: OpenJDK Runtime Environment Temurin-21.0.6+7 (21.0.6+7) (build 21.0.6+7-LTS)
# Java VM: OpenJDK 64-Bit Server VM Temurin-21.0.6+7 (21.0.6+7-LTS, mixed mode, sharing, tiered, compressed oops, compressed class ptrs, parallel gc, windows-amd64)
GC Precious Log:
 CardTable entry size: 512
 CPUs: 8 total, 8 available
 Memory: 7975M
 Large Page Support: Disabled
 NUMA Support: Disabled
 Compressed Oops: Enabled (32-bit)
 Alignments: Space 512K, Generation 512K, Heap 2M
 Heap Min Capacity: 100M
 Heap Initial Capacity: 100M
 Heap Max Capacity: 1G
 Pre-touch: Disabled
 Parallel Workers: 8
Heap:
 PSYoungGen      total 4608K, used 2908K [0x00000000eab00000, 0x00000000eb300000, 0x0000000100000000)
  eden space 4096K, 58% used [0x00000000eab00000,0x00000000ead57180,0x00000000eaf00000)
  from space 512K, 100% used [0x00000000eb200000,0x00000000eb280000,0x00000000eb280000)
  to   space 512K, 0% used [0x00000000eb280000,0x00000000eb280000,0x00000000eb300000)
 ParOldGen       total 699392K, used 527367K [0x00000000c0000000, 0x00000000eab00000, 0x00000000eab00000)
  object space 699392K, 75% used [0x00000000c0000000,0x00000000e0301f40,0x00000000eab00000)
 Metaspace       used 69609K, committed 71104K, reserved 1114112K
  class space    used 7197K, committed 7936K, reserved 1048576K
GC Heap History (20 events):
Event: 34.386 GC heap after
{Heap after GC invocations=392 (full 3):
 PSYoungGen      total 5632K, used 480K [0x00000000eab00000, 0x00000000eb380000, 0x0000000100000000)
  eden space 3072K, 0% used [0x00000000eab00000,0x00000000eab00000,0x00000000eae00000)
  from space 2560K, 18% used [0x00000000eaf80000,0x00000000eaff8000,0x00000000eb200000)
  to   space 1024K, 0% used [0x00000000eb280000,0x00000000eb280000,0x00000000eb380000)
 ParOldGen       total 525824K, used 525621K [0x00000000c0000000, 0x00000000e0180000, 0x00000000eab00000)
  object space 525824K, 99% used [0x00000000c0000000,0x00000000e014d570,0x00000000e0180000)
 Metaspace       used 66465K, committed 67904K, reserved 1114112K
  class space    used 6774K, committed 7424K, reserved 1048576K
}
Event: 34.468 GC heap before
{Heap before GC invocations=393 (full 3):
 PSYoungGen      total 5632K, used 3543K [0x00000000eab00000, 0x00000000eb380000, 0x0000000100000000)
  eden space 3072K, 99% used [0x00000000eab00000,0x00000000eadfde60,0x00000000eae00000)
  from space 2560K, 18% used [0x00000000eaf80000,0x00000000eaff8000,0x00000000eb200000)
  to   space 1024K, 0% used [0x00000000eb280000,0x00000000eb280000,0x00000000eb380000)
 ParOldGen       total 525824K, used 525621K [0x00000000c0000000, 0x00000000e0180000, 0x00000000eab00000)
  object space 525824K, 99% used [0x00000000c0000000,0x00000000e014d570,0x00000000e0180000)
 Metaspace       used 66988K, committed 68480K, reserved 1114112K
  class space    used 6823K, committed 7552K, reserved 1048576K
}
Event: 34.470 GC heap after
{Heap after GC invocations=393 (full 3):
 PSYoungGen      total 3584K, used 256K [0x00000000eab00000, 0x00000000eb300000, 0x0000000100000000)
  eden space 3072K, 0% used [0x00000000eab00000,0x00000000eab00000,0x00000000eae00000)
  from space 512K, 50% used [0x00000000eb280000,0x00000000eb2c0000,0x00000000eb300000)
  to   space 512K, 0% used [0x00000000eb200000,0x00000000eb200000,0x00000000eb280000)
 ParOldGen       total 526336K, used 526030K [0x00000000c0000000, 0x00000000e0200000, 0x00000000eab00000)
  object space 526336K, 99% used [0x00000000c0000000,0x00000000e01b3b48,0x00000000e0200000)
 Metaspace       used 66988K, committed 68480K, reserved 1114112K
  class space    used 6823K, committed 7552K, reserved 1048576K
}
Event: 34.514 GC heap before
{Heap before GC invocations=394 (full 3):
 PSYoungGen      total 3584K, used 3328K [0x00000000eab00000, 0x00000000eb300000, 0x0000000100000000)
  eden space 3072K, 100% used [0x00000000eab00000,0x00000000eae00000,0x00000000eae00000)
  from space 512K, 50% used [0x00000000eb280000,0x00000000eb2c0000,0x00000000eb300000)
  to   space 512K, 0% used [0x00000000eb200000,0x00000000eb200000,0x00000000eb280000)
 ParOldGen       total 526336K, used 526030K [0x00000000c0000000, 0x00000000e0200000, 0x00000000eab00000)
  object space 526336K, 99% used [0x00000000c0000000,0x00000000e01b3b48,0x00000000e0200000)
 Metaspace       used 67458K, committed 68992K, reserved 1114112K
  class space    used 6864K, committed 7616K, reserved 1048576K
}
Event: 34.515 GC heap after
{Heap after GC invocations=394 (full 3):
 PSYoungGen      total 3584K, used 369K [0x00000000eab00000, 0x00000000eb300000, 0x0000000100000000)
  eden space 3072K, 0% used [0x00000000eab00000,0x00000000eab00000,0x00000000eae00000)
  from space 512K, 72% used [0x00000000eb200000,0x00000000eb25c5d0,0x00000000eb280000)
  to   space 512K, 0% used [0x00000000eb280000,0x00000000eb280000,0x00000000eb300000)
 ParOldGen       total 526336K, used 526158K [0x00000000c0000000, 0x00000000e0200000, 0x00000000eab00000)
  object space 526336K, 99% used [0x00000000c0000000,0x00000000e01d3b58,0x00000000e0200000)
 Metaspace       used 67458K, committed 68992K, reserved 1114112K
  class space    used 6864K, committed 7616K, reserved 1048576K
}
Event: 34.540 GC heap before
{Heap before GC invocations=395 (full 3):
 PSYoungGen      total 3584K, used 3441K [0x00000000eab00000, 0x00000000eb300000, 0x0000000100000000)
  eden space 3072K, 100% used [0x00000000eab00000,0x00000000eae00000,0x00000000eae00000)
  from space 512K, 72% used [0x00000000eb200000,0x00000000eb25c5d0,0x00000000eb280000)
  to   space 512K, 0% used [0x00000000eb280000,0x00000000eb280000,0x00000000eb300000)
 ParOldGen       total 526336K, used 526158K [0x00000000c0000000, 0x00000000e0200000, 0x00000000eab00000)
  object space 526336K, 99% used [0x00000000c0000000,0x00000000e01d3b58,0x00000000e0200000)
 Metaspace       used 67842K, committed 69312K, reserved 1114112K
  class space    used 6905K, committed 7616K, reserved 1048576K
}
Event: 34.541 GC heap after
{Heap after GC invocations=395 (full 3):
 PSYoungGen      total 3584K, used 224K [0x00000000eab00000, 0x00000000eb300000, 0x0000000100000000)
  eden space 3072K, 0% used [0x00000000eab00000,0x00000000eab00000,0x00000000eae00000)
  from space 512K, 43% used [0x00000000eb280000,0x00000000eb2b8000,0x00000000eb300000)
  to   space 512K, 0% used [0x00000000eb200000,0x00000000eb200000,0x00000000eb280000)
 ParOldGen       total 526848K, used 526360K [0x00000000c0000000, 0x00000000e0280000, 0x00000000eab00000)
  object space 526848K, 99% used [0x00000000c0000000,0x00000000e0206128,0x00000000e0280000)
 Metaspace       used 67842K, committed 69312K, reserved 1114112K
  class space    used 6905K, committed 7616K, reserved 1048576K
}
Event: 34.568 GC heap before
{Heap before GC invocations=396 (full 3):
 PSYoungGen      total 3584K, used 3291K [0x00000000eab00000, 0x00000000eb300000, 0x0000000100000000)
  eden space 3072K, 99% used [0x00000000eab00000,0x00000000eadfeca0,0x00000000eae00000)
  from space 512K, 43% used [0x00000000eb280000,0x00000000eb2b8000,0x00000000eb300000)
  to   space 512K, 0% used [0x00000000eb200000,0x00000000eb200000,0x00000000eb280000)
 ParOldGen       total 526848K, used 526360K [0x00000000c0000000, 0x00000000e0280000, 0x00000000eab00000)
  object space 526848K, 99% used [0x00000000c0000000,0x00000000e0206128,0x00000000e0280000)
 Metaspace       used 68209K, committed 69696K, reserved 1114112K
  class space    used 6959K, committed 7680K, reserved 1048576K
}
Event: 34.569 GC heap after
{Heap after GC invocations=396 (full 3):
 PSYoungGen      total 3584K, used 240K [0x00000000eab00000, 0x00000000eb300000, 0x0000000100000000)
  eden space 3072K, 0% used [0x00000000eab00000,0x00000000eab00000,0x00000000eae00000)
  from space 512K, 46% used [0x00000000eb200000,0x00000000eb23c010,0x00000000eb280000)
  to   space 512K, 0% used [0x00000000eb280000,0x00000000eb280000,0x00000000eb300000)
 ParOldGen       total 526848K, used 526416K [0x00000000c0000000, 0x00000000e0280000, 0x00000000eab00000)
  object space 526848K, 99% used [0x00000000c0000000,0x00000000e0214128,0x00000000e0280000)
 Metaspace       used 68209K, committed 69696K, reserved 1114112K
  class space    used 6959K, committed 7680K, reserved 1048576K
}
Event: 34.597 GC heap before
{Heap before GC invocations=397 (full 3):
 PSYoungGen      total 3584K, used 3312K [0x00000000eab00000, 0x00000000eb300000, 0x0000000100000000)
  eden space 3072K, 100% used [0x00000000eab00000,0x00000000eae00000,0x00000000eae00000)
  from space 512K, 46% used [0x00000000eb200000,0x00000000eb23c010,0x00000000eb280000)
  to   space 512K, 0% used [0x00000000eb280000,0x00000000eb280000,0x00000000eb300000)
 ParOldGen       total 526848K, used 526416K [0x00000000c0000000, 0x00000000e0280000, 0x00000000eab00000)
  object space 526848K, 99% used [0x00000000c0000000,0x00000000e0214128,0x00000000e0280000)
 Metaspace       used 68458K, committed 69952K, reserved 1114112K
  class space    used 7018K, committed 7744K, reserved 1048576K
}
Event: 34.598 GC heap after
{Heap after GC invocations=397 (full 3):
 PSYoungGen      total 3584K, used 256K [0x00000000eab00000, 0x00000000eb300000, 0x0000000100000000)
  eden space 3072K, 0% used [0x00000000eab00000,0x00000000eab00000,0x00000000eae00000)
  from space 512K, 50% used [0x00000000eb280000,0x00000000eb2c0000,0x00000000eb300000)
  to   space 512K, 0% used [0x00000000eb200000,0x00000000eb200000,0x00000000eb280000)
 ParOldGen       total 526848K, used 526520K [0x00000000c0000000, 0x00000000e0280000, 0x00000000eab00000)
  object space 526848K, 99% used [0x00000000c0000000,0x00000000e022e158,0x00000000e0280000)
 Metaspace       used 68458K, committed 69952K, reserved 1114112K
  class space    used 7018K, committed 7744K, reserved 1048576K
}
Event: 34.621 GC heap before
{Heap before GC invocations=398 (full 3):
 PSYoungGen      total 3584K, used 3328K [0x00000000eab00000, 0x00000000eb300000, 0x0000000100000000)
  eden space 3072K, 100% used [0x00000000eab00000,0x00000000eae00000,0x00000000eae00000)
  from space 512K, 50% used [0x00000000eb280000,0x00000000eb2c0000,0x00000000eb300000)
  to   space 512K, 0% used [0x00000000eb200000,0x00000000eb200000,0x00000000eb280000)
 ParOldGen       total 526848K, used 526520K [0x00000000c0000000, 0x00000000e0280000, 0x00000000eab00000)
  object space 526848K, 99% used [0x00000000c0000000,0x00000000e022e158,0x00000000e0280000)
 Metaspace       used 68740K, committed 70272K, reserved 1114112K
  class space    used 7077K, committed 7808K, reserved 1048576K
}
Event: 34.623 GC heap after
{Heap after GC invocations=398 (full 3):
 PSYoungGen      total 3584K, used 224K [0x00000000eab00000, 0x00000000eb300000, 0x0000000100000000)
  eden space 3072K, 0% used [0x00000000eab00000,0x00000000eab00000,0x00000000eae00000)
  from space 512K, 43% used [0x00000000eb200000,0x00000000eb238000,0x00000000eb280000)
  to   space 512K, 0% used [0x00000000eb280000,0x00000000eb280000,0x00000000eb300000)
 ParOldGen       total 526848K, used 526600K [0x00000000c0000000, 0x00000000e0280000, 0x00000000eab00000)
  object space 526848K, 99% used [0x00000000c0000000,0x00000000e0242158,0x00000000e0280000)
 Metaspace       used 68740K, committed 70272K, reserved 1114112K
  class space    used 7077K, committed 7808K, reserved 1048576K
}
Event: 34.650 GC heap before
{Heap before GC invocations=399 (full 3):
 PSYoungGen      total 3584K, used 3296K [0x00000000eab00000, 0x00000000eb300000, 0x0000000100000000)
  eden space 3072K, 100% used [0x00000000eab00000,0x00000000eae00000,0x00000000eae00000)
  from space 512K, 43% used [0x00000000eb200000,0x00000000eb238000,0x00000000eb280000)
  to   space 512K, 0% used [0x00000000eb280000,0x00000000eb280000,0x00000000eb300000)
 ParOldGen       total 526848K, used 526600K [0x00000000c0000000, 0x00000000e0280000, 0x00000000eab00000)
  object space 526848K, 99% used [0x00000000c0000000,0x00000000e0242158,0x00000000e0280000)
 Metaspace       used 69072K, committed 70592K, reserved 1114112K
  class space    used 7132K, committed 7872K, reserved 1048576K
}
Event: 34.652 GC heap after
{Heap after GC invocations=399 (full 3):
 PSYoungGen      total 3584K, used 224K [0x00000000eab00000, 0x00000000eb300000, 0x0000000100000000)
  eden space 3072K, 0% used [0x00000000eab00000,0x00000000eab00000,0x00000000eae00000)
  from space 512K, 43% used [0x00000000eb280000,0x00000000eb2b8000,0x00000000eb300000)
  to   space 512K, 0% used [0x00000000eb200000,0x00000000eb200000,0x00000000eb280000)
 ParOldGen       total 526848K, used 526664K [0x00000000c0000000, 0x00000000e0280000, 0x00000000eab00000)
  object space 526848K, 99% used [0x00000000c0000000,0x00000000e0252158,0x00000000e0280000)
 Metaspace       used 69072K, committed 70592K, reserved 1114112K
  class space    used 7132K, committed 7872K, reserved 1048576K
}
Event: 35.807 GC heap before
{Heap before GC invocations=400 (full 3):
 PSYoungGen      total 3584K, used 3282K [0x00000000eab00000, 0x00000000eb300000, 0x0000000100000000)
  eden space 3072K, 99% used [0x00000000eab00000,0x00000000eadfc8b8,0x00000000eae00000)
  from space 512K, 43% used [0x00000000eb280000,0x00000000eb2b8000,0x00000000eb300000)
  to   space 512K, 0% used [0x00000000eb200000,0x00000000eb200000,0x00000000eb280000)
 ParOldGen       total 526848K, used 526664K [0x00000000c0000000, 0x00000000e0280000, 0x00000000eab00000)
  object space 526848K, 99% used [0x00000000c0000000,0x00000000e0252158,0x00000000e0280000)
 Metaspace       used 69483K, committed 70976K, reserved 1114112K
  class space    used 7178K, committed 7872K, reserved 1048576K
}
Event: 35.809 GC heap after
{Heap after GC invocations=400 (full 3):
 PSYoungGen      total 3584K, used 320K [0x00000000eab00000, 0x00000000eb300000, 0x0000000100000000)
  eden space 3072K, 0% used [0x00000000eab00000,0x00000000eab00000,0x00000000eae00000)
  from space 512K, 62% used [0x00000000eb200000,0x00000000eb250000,0x00000000eb280000)
  to   space 512K, 0% used [0x00000000eb280000,0x00000000eb280000,0x00000000eb300000)
 ParOldGen       total 526848K, used 526728K [0x00000000c0000000, 0x00000000e0280000, 0x00000000eab00000)
  object space 526848K, 99% used [0x00000000c0000000,0x00000000e0262158,0x00000000e0280000)
 Metaspace       used 69483K, committed 70976K, reserved 1114112K
  class space    used 7178K, committed 7872K, reserved 1048576K
}
Event: 47.329 GC heap before
{Heap before GC invocations=401 (full 3):
 PSYoungGen      total 3584K, used 3392K [0x00000000eab00000, 0x00000000eb300000, 0x0000000100000000)
  eden space 3072K, 100% used [0x00000000eab00000,0x00000000eae00000,0x00000000eae00000)
  from space 512K, 62% used [0x00000000eb200000,0x00000000eb250000,0x00000000eb280000)
  to   space 512K, 0% used [0x00000000eb280000,0x00000000eb280000,0x00000000eb300000)
 ParOldGen       total 526848K, used 526728K [0x00000000c0000000, 0x00000000e0280000, 0x00000000eab00000)
  object space 526848K, 99% used [0x00000000c0000000,0x00000000e0262158,0x00000000e0280000)
 Metaspace       used 69607K, committed 71104K, reserved 1114112K
  class space    used 7197K, committed 7936K, reserved 1048576K
}
Event: 48.331 GC heap after
{Heap after GC invocations=401 (full 3):
 PSYoungGen      total 3584K, used 400K [0x00000000eab00000, 0x00000000eb300000, 0x0000000100000000)
  eden space 3072K, 0% used [0x00000000eab00000,0x00000000eab00000,0x00000000eae00000)
  from space 512K, 78% used [0x00000000eb280000,0x00000000eb2e4030,0x00000000eb300000)
  to   space 512K, 0% used [0x00000000eb200000,0x00000000eb200000,0x00000000eb280000)
 ParOldGen       total 527360K, used 526904K [0x00000000c0000000, 0x00000000e0300000, 0x00000000eab00000)
  object space 527360K, 99% used [0x00000000c0000000,0x00000000e028e158,0x00000000e0300000)
 Metaspace       used 69607K, committed 71104K, reserved 1114112K
  class space    used 7197K, committed 7936K, reserved 1048576K
}
Event: 48.338 GC heap before
{Heap before GC invocations=402 (full 3):
 PSYoungGen      total 3584K, used 3472K [0x00000000eab00000, 0x00000000eb300000, 0x0000000100000000)
  eden space 3072K, 99% used [0x00000000eab00000,0x00000000eadffff8,0x00000000eae00000)
  from space 512K, 78% used [0x00000000eb280000,0x00000000eb2e4030,0x00000000eb300000)
  to   space 512K, 0% used [0x00000000eb200000,0x00000000eb200000,0x00000000eb280000)
 ParOldGen       total 527360K, used 526904K [0x00000000c0000000, 0x00000000e0300000, 0x00000000eab00000)
  object space 527360K, 99% used [0x00000000c0000000,0x00000000e028e158,0x00000000e0300000)
 Metaspace       used 69608K, committed 71104K, reserved 1114112K
  class space    used 7197K, committed 7936K, reserved 1048576K
}

